스트리밍할 창 번호를 입력하세요 (최대 3개, 쉼표로 구분)
예: 1,3,5 또는 1 (Enter=전체화면)
> 2,8

선택된 창: 2개
  - GersangStation Mini
  - Gersang
[OK] 창 찾음 (정확 일치): GersangStation Mini
[OK] 창 1 추가: GersangStation Mini
[OK] 창 찾음 (정확 일치): Gersang
[OK] 창 2 추가: Gersang
[INFO] 마우스 속도: 10/20, 보정 계수: 1.0
[INFO] 마우스 가속(EPP) 비활성화됨 (원래: threshold=6,10, accel=1)
[WARN] Expected READY, got: 
[OK] Leonardo 연결됨 @ COM6
[OK] Leonardo 연결됨: COM6

==================================================
  Smart Search Agent
==================================================
  서버: ws://0.0.0.0:8765
  Leonardo: 연결됨 (COM6)
  FPS: 30, 품질: 70

  스트리밍 창 (2개):
    - win0: GersangStation Mini [활성]
    - win1: Gersang
==================================================
  대기 중... (Ctrl+C로 종료)

[+] 클라이언트 연결: 192.168.123.102
[DEBUG] 좌표 변환: 이미지(467,422) → 화면(1348,432) → mickey(1348,432) [속도계수:1.0]
[DEBUG] 마우스 클릭: LEFT
[DEBUG] 좌표 변환: 이미지(466,227) → 화면(1347,237) → mickey(1347,237) [속도계수:1.0]
[DEBUG] 마우스 클릭: LEFT
